<?xml version="1.0" encoding="UTF-8"?>
<!-- Generated by org.testng.reporters.JUnitXMLReporter -->
<testsuite hostname="Artis-MBP.fios-router.home" ignored="0" name="Add customer test" tests="3" failures="0" timestamp="2021-04-01T18:23:23 EDT" time="10.1" errors="0">
  <testcase name="addCustomer" time="3.334" classname="org.example.testcases.AddCustomerTest"/>
  <testcase name="addCustomer" time="3.38" classname="org.example.testcases.AddCustomerTest"/>
  <testcase name="addCustomer" time="3.373" classname="org.example.testcases.AddCustomerTest"/>
</testsuite> <!-- Add customer test -->
