<?xml version="1.0" encoding="UTF-8"?>
<!-- Generated by org.testng.reporters.JUnitXMLReporter -->
<testsuite hostname="Artis-MBP.fios-router.home" ignored="0" name="Bank manager login test" tests="1" failures="1" timestamp="2021-04-01T18:23:12 EDT" time="6.014" errors="0">
  <testcase name="loginAsManager" time="5.483" classname="org.example.testcases.BankManagerLoginTest">
    <failure type="java.lang.AssertionError" message="null">
      <![CDATA[java.lang.AssertionError: null
at org.example.testcases.BankManagerLoginTest.loginAsManager(BankManagerLoginTest.java:22)
at java.util.ArrayList.forEach(ArrayList.java:1259)
... Removed 33 stack frames]]>
    </failure>
  </testcase> <!-- loginAsManager -->
</testsuite> <!-- Bank manager login test -->
