<?xml version="1.0" encoding="UTF-8"?>
<!-- Generated by org.testng.reporters.JUnitXMLReporter -->
<testsuite hostname="Artis-MBP.fios-router.home" ignored="0" name="Add customer test" tests="3" failures="0" timestamp="2021-04-01T13:52:10 EDT" time="10.153" errors="0">
  <testcase name="addCustomer" time="3.35" classname="org.example.testcases.AddCustomerTest"/>
  <testcase name="addCustomer" time="3.42" classname="org.example.testcases.AddCustomerTest"/>
  <testcase name="addCustomer" time="3.362" classname="org.example.testcases.AddCustomerTest"/>
</testsuite> <!-- Add customer test -->
